-------------------------------------------------------------------------------
Test set: com.example.practice23.Pracitce23ApplicationTests
-------------------------------------------------------------------------------
Tests run: 1, Failures: 0, Errors: 1, Skipped: 0, Time elapsed: 0.092 s <<< FAILURE! - in com.example.practice23.Pracitce23ApplicationTests
com.example.practice23.Pracitce23ApplicationTests  Time elapsed: 0.09 s  <<< ERROR!
java.lang.IllegalStateException: Could not load CacheAwareContextLoaderDelegate [org.springframework.test.context.cache.DefaultCacheAwareContextLoaderDelegate]
Caused by: org.springframework.beans.BeanInstantiationException: Failed to instantiate [org.springframework.test.context.cache.DefaultCacheAwareContextLoaderDelegate]: Constructor threw exception; nested exception is java.lang.NoClassDefFoundError: org/springframework/core/io/support/SpringFactoriesLoader$FailureHandler
Caused by: java.lang.NoClassDefFoundError: org/springframework/core/io/support/SpringFactoriesLoader$FailureHandler
Caused by: java.lang.ClassNotFoundException: org.springframework.core.io.support.SpringFactoriesLoader$FailureHandler

