<?xml version="1.0" encoding="UTF-8"?>
<testsuite xmlns:xsi="http://www.w3.org/2001/XMLSchema-instance" xsi:noNamespaceSchemaLocation="https://maven.apache.org/surefire/maven-surefire-plugin/xsd/surefire-test-report.xsd" name="com.example.practice23.UserDetailsServiceImplTest" time="0.997" tests="2" errors="0" skipped="0" failures="0">
  <properties>
[...]
</properties>
  <testcase name="testLoadUserByUsername" classname="com.example.practice23.UserDetailsServiceImplTest" time="0.041"/>
  <testcase name="testLoadUserByUsernameWithNonExistentUser" classname="com.example.practice23.UserDetailsServiceImplTest" time="0.006"/>
</testsuite>